<?xml version="1.0" encoding="UTF-8"?>
<!-- Generated by org.testng.reporters.JUnitXMLReporter -->
<testsuite ignored="0" hostname="LAPTOP-UAN68A53" failures="0" tests="6" name="Default test" time="50.104" errors="0" timestamp="2022-09-14T13:58:55 PDT">
  <testcase classname="EndtoEnd.standalonejasondata" name="Mainordersubmit" time="10.811"/>
  <testcase classname="EndtoEnd.standalonejasondata" name="Mainordersubmit" time="9.24"/>
  <testcase classname="EndtoEnd.standalonejasondata" name="Mainordersubmit" time="9.489"/>
  <testcase classname="EndtoEnd.standalonejasondata" name="Myorders" time="6.262"/>
  <testcase classname="EndtoEnd.standalonejasondata" name="Myorders" time="6.399"/>
  <testcase classname="EndtoEnd.standalonejasondata" name="Myorders" time="6.307"/>
</testsuite> <!-- Default test -->
