<?xml version="1.0" encoding="UTF-8"?>
<!-- Generated by org.testng.reporters.JUnitXMLReporter -->
<testsuite ignored="0" hostname="LAPTOP-UAN68A53" failures="0" tests="4" name="firstTest" time="36.53" errors="0" timestamp="2022-09-07T18:39:04 PDT">
  <testcase classname="EndtoEnd.standalone" name="Mainordersubmit" time="10.558"/>
  <testcase classname="EndtoEnd.standalone" name="Mainordersubmit" time="9.219"/>
  <testcase classname="EndtoEnd.standalone" name="Myorders" time="5.991"/>
  <testcase classname="EndtoEnd.standalone" name="Myorders" time="8.432"/>
</testsuite> <!-- firstTest -->
