<?xml version="1.0" encoding="UTF-8"?>
<!-- Generated by org.testng.reporters.JUnitXMLReporter -->
<testsuite ignored="0" hostname="LAPTOP-UAN68A53" failures="0" tests="4" name="firstTest" time="31.954" errors="0" timestamp="2022-09-14T18:16:36 PDT">
  <testcase classname="EndtoEnd.standalone" name="Mainordersubmit" time="9.626"/>
  <testcase classname="EndtoEnd.standalone" name="Mainordersubmit" time="8.097"/>
  <testcase classname="EndtoEnd.standalone" name="Myorders" time="6.117"/>
  <testcase classname="EndtoEnd.standalone" name="Myorders" time="5.568"/>
</testsuite> <!-- firstTest -->
