<?xml version="1.0" encoding="UTF-8"?>
<!-- Generated by org.testng.reporters.JUnitXMLReporter -->
<testsuite ignored="2" hostname="LAPTOP-UAN68A53" failures="0" tests="0" time="0.022" errors="0" timestamp="2022-09-13T18:04:38 PDT">
  <testcase classname="EndtoEnd.standalonehashmap" name="Myorders" time="0.0">
    <ignored/>
  </testcase> <!-- Myorders -->
  <testcase classname="EndtoEnd.standalonehashmap" name="Mainordersubmit" time="0.0">
    <ignored/>
  </testcase> <!-- Mainordersubmit -->
</testsuite>
