<?xml version="1.0" encoding="UTF-8"?>
<testng-results ignored="0" total="4" passed="4" failed="0" skipped="0">
  <reporter-output>
  </reporter-output>
  <suite started-at="2022-09-14T12:13:47 PDT" name="Surefire suite" finished-at="2022-09-14T12:14:30 PDT" duration-ms="42449">
    <groups>
      <group name="cucumber">
        <method signature="AbstractTestNGCucumberTests.runScenario(io.cucumber.testng.PickleWrapper,io.cucumber.testng.FeatureWrapper)[pri:0, instance:Cucumber.RunnerTest@1de76cc7]" name="runScenario" class="io.cucumber.testng.AbstractTestNGCucumberTests"/>
      </group> <!-- cucumber -->
    </groups>
    <test started-at="2022-09-14T12:13:47 PDT" name="Surefire test" finished-at="2022-09-14T12:14:30 PDT" duration-ms="42449">
      <class name="Cucumber.RunnerTest">
        <test-method is-config="true" signature="setUpClass(org.testng.ITestContext)[pri:0, instance:Cucumber.RunnerTest@1de76cc7]" started-at="2022-09-14T12:13:47 PDT" name="setUpClass" finished-at="2022-09-14T12:13:48 PDT" duration-ms="788" status="PASS">
          <params>
            <param index="0">
              <value>
                <![CDATA[org.testng.TestRunner@6cc48a17]]>
              </value>
            </param>
          </params>
          <reporter-output>
          </reporter-output>
        </test-method> <!-- setUpClass -->
        <test-method signature="runScenario(io.cucumber.testng.PickleWrapper,io.cucumber.testng.FeatureWrapper)[pri:0, instance:Cucumber.RunnerTest@1de76cc7]" started-at="2022-09-14T12:13:48 PDT" name="runScenario" description="Runs Cucumber Scenarios" data-provider="scenarios" finished-at="2022-09-14T12:13:59 PDT" duration-ms="11127" status="PASS">
          <params>
            <param index="0">
              <value>
                <![CDATA["Validating my submitted orders"]]>
              </value>
            </param>
            <param index="1">
              <value>
                <![CDATA["Validating my orders"]]>
              </value>
            </param>
          </params>
          <reporter-output>
          </reporter-output>
        </test-method> <!-- runScenario -->
        <test-method signature="runScenario(io.cucumber.testng.PickleWrapper,io.cucumber.testng.FeatureWrapper)[pri:0, instance:Cucumber.RunnerTest@1de76cc7]" started-at="2022-09-14T12:13:59 PDT" name="runScenario" description="Runs Cucumber Scenarios" data-provider="scenarios" finished-at="2022-09-14T12:14:07 PDT" duration-ms="8036" status="PASS">
          <params>
            <param index="0">
              <value>
                <![CDATA["Validating my submitted orders"]]>
              </value>
            </param>
            <param index="1">
              <value>
                <![CDATA["Validating my orders"]]>
              </value>
            </param>
          </params>
          <reporter-output>
          </reporter-output>
        </test-method> <!-- runScenario -->
        <test-method signature="runScenario(io.cucumber.testng.PickleWrapper,io.cucumber.testng.FeatureWrapper)[pri:0, instance:Cucumber.RunnerTest@1de76cc7]" started-at="2022-09-14T12:14:07 PDT" name="runScenario" description="Runs Cucumber Scenarios" data-provider="scenarios" finished-at="2022-09-14T12:14:19 PDT" duration-ms="11702" status="PASS">
          <params>
            <param index="0">
              <value>
                <![CDATA["Positive Test of Placing Order"]]>
              </value>
            </param>
            <param index="1">
              <value>
                <![CDATA["Purchase the Order from Ecommerce Website"]]>
              </value>
            </param>
          </params>
          <reporter-output>
          </reporter-output>
        </test-method> <!-- runScenario -->
        <test-method signature="runScenario(io.cucumber.testng.PickleWrapper,io.cucumber.testng.FeatureWrapper)[pri:0, instance:Cucumber.RunnerTest@1de76cc7]" started-at="2022-09-14T12:14:19 PDT" name="runScenario" description="Runs Cucumber Scenarios" data-provider="scenarios" finished-at="2022-09-14T12:14:30 PDT" duration-ms="10696" status="PASS">
          <params>
            <param index="0">
              <value>
                <![CDATA["Positive Test of Placing Order"]]>
              </value>
            </param>
            <param index="1">
              <value>
                <![CDATA["Purchase the Order from Ecommerce Website"]]>
              </value>
            </param>
          </params>
          <reporter-output>
          </reporter-output>
        </test-method> <!-- runScenario -->
        <test-method is-config="true" signature="tearDownClass()[pri:0, instance:Cucumber.RunnerTest@1de76cc7]" started-at="2022-09-14T12:14:30 PDT" name="tearDownClass" finished-at="2022-09-14T12:14:30 PDT" duration-ms="44" status="PASS">
          <reporter-output>
          </reporter-output>
        </test-method> <!-- tearDownClass -->
      </class> <!-- Cucumber.RunnerTest -->
    </test> <!-- Surefire test -->
  </suite> <!-- Surefire suite -->
</testng-results>
