<?xml version="1.0" encoding="UTF-8"?>
<testng-results ignored="0" total="4" passed="4" failed="0" skipped="0">
  <reporter-output>
  </reporter-output>
  <suite started-at="2022-09-13T17:43:02 PDT" name="Default suite" finished-at="2022-09-13T17:43:40 PDT" duration-ms="38082">
    <groups>
      <group name="cucumber">
        <method signature="AbstractTestNGCucumberTests.runScenario(io.cucumber.testng.PickleWrapper,io.cucumber.testng.FeatureWrapper)[pri:0, instance:Cucumber.RunnerTest@4be29ed9]" name="runScenario" class="io.cucumber.testng.AbstractTestNGCucumberTests"/>
      </group> <!-- cucumber -->
    </groups>
    <test started-at="2022-09-13T17:43:02 PDT" name="Default test" finished-at="2022-09-13T17:43:40 PDT" duration-ms="38082">
      <class name="Cucumber.RunnerTest">
        <test-method is-config="true" signature="setUpClass(org.testng.ITestContext)[pri:0, instance:Cucumber.RunnerTest@4be29ed9]" started-at="2022-09-13T17:43:02 PDT" name="setUpClass" finished-at="2022-09-13T17:43:03 PDT" duration-ms="603" status="PASS">
          <params>
            <param index="0">
              <value>
                <![CDATA[org.testng.TestRunner@333398f]]>
              </value>
            </param>
          </params>
          <reporter-output>
          </reporter-output>
        </test-method> <!-- setUpClass -->
        <test-method signature="runScenario(io.cucumber.testng.PickleWrapper,io.cucumber.testng.FeatureWrapper)[pri:0, instance:Cucumber.RunnerTest@4be29ed9]" started-at="2022-09-13T17:43:03 PDT" name="runScenario" description="Runs Cucumber Scenarios" data-provider="scenarios" finished-at="2022-09-13T17:43:12 PDT" duration-ms="8553" status="PASS">
          <params>
            <param index="0">
              <value>
                <![CDATA["Validating my submitted orders"]]>
              </value>
            </param>
            <param index="1">
              <value>
                <![CDATA["Validating my orders"]]>
              </value>
            </param>
          </params>
          <reporter-output>
          </reporter-output>
        </test-method> <!-- runScenario -->
        <test-method signature="runScenario(io.cucumber.testng.PickleWrapper,io.cucumber.testng.FeatureWrapper)[pri:0, instance:Cucumber.RunnerTest@4be29ed9]" started-at="2022-09-13T17:43:12 PDT" name="runScenario" description="Runs Cucumber Scenarios" data-provider="scenarios" finished-at="2022-09-13T17:43:19 PDT" duration-ms="7306" status="PASS">
          <params>
            <param index="0">
              <value>
                <![CDATA["Validating my submitted orders"]]>
              </value>
            </param>
            <param index="1">
              <value>
                <![CDATA["Validating my orders"]]>
              </value>
            </param>
          </params>
          <reporter-output>
          </reporter-output>
        </test-method> <!-- runScenario -->
        <test-method signature="runScenario(io.cucumber.testng.PickleWrapper,io.cucumber.testng.FeatureWrapper)[pri:0, instance:Cucumber.RunnerTest@4be29ed9]" started-at="2022-09-13T17:43:19 PDT" name="runScenario" description="Runs Cucumber Scenarios" data-provider="scenarios" finished-at="2022-09-13T17:43:30 PDT" duration-ms="10586" status="PASS">
          <params>
            <param index="0">
              <value>
                <![CDATA["Positive Test of Placing Order"]]>
              </value>
            </param>
            <param index="1">
              <value>
                <![CDATA["Purchase the Order from Ecommerce Website"]]>
              </value>
            </param>
          </params>
          <reporter-output>
          </reporter-output>
        </test-method> <!-- runScenario -->
        <test-method signature="runScenario(io.cucumber.testng.PickleWrapper,io.cucumber.testng.FeatureWrapper)[pri:0, instance:Cucumber.RunnerTest@4be29ed9]" started-at="2022-09-13T17:43:30 PDT" name="runScenario" description="Runs Cucumber Scenarios" data-provider="scenarios" finished-at="2022-09-13T17:43:40 PDT" duration-ms="10868" status="PASS">
          <params>
            <param index="0">
              <value>
                <![CDATA["Positive Test of Placing Order"]]>
              </value>
            </param>
            <param index="1">
              <value>
                <![CDATA["Purchase the Order from Ecommerce Website"]]>
              </value>
            </param>
          </params>
          <reporter-output>
          </reporter-output>
        </test-method> <!-- runScenario -->
        <test-method is-config="true" signature="tearDownClass()[pri:0, instance:Cucumber.RunnerTest@4be29ed9]" started-at="2022-09-13T17:43:40 PDT" name="tearDownClass" finished-at="2022-09-13T17:43:40 PDT" duration-ms="107" status="PASS">
          <reporter-output>
          </reporter-output>
        </test-method> <!-- tearDownClass -->
      </class> <!-- Cucumber.RunnerTest -->
    </test> <!-- Default test -->
  </suite> <!-- Default suite -->
</testng-results>
