<?xml version="1.0" encoding="UTF-8"?>
<testng-results ignored="0" total="6" passed="6" failed="0" skipped="0">
  <reporter-output>
  </reporter-output>
  <suite started-at="2022-09-14T13:58:05 PDT" name="Default suite" finished-at="2022-09-14T13:58:55 PDT" duration-ms="50104">
    <groups>
      <group name="providingdata">
        <method signature="standalonejasondata.Mainordersubmit(java.lang.String)[pri:0, instance:EndtoEnd.standalonejasondata@3646a422]" name="Mainordersubmit" class="EndtoEnd.standalonejasondata"/>
      </group> <!-- providingdata -->
    </groups>
    <test started-at="2022-09-14T13:58:05 PDT" name="Default test" finished-at="2022-09-14T13:58:55 PDT" duration-ms="50104">
      <class name="EndtoEnd.standalonejasondata">
        <test-method signature="Mainordersubmit(java.lang.String)[pri:0, instance:EndtoEnd.standalonejasondata@3646a422]" started-at="2022-09-14T13:58:05 PDT" name="Mainordersubmit" data-provider="getdata1" finished-at="2022-09-14T13:58:16 PDT" duration-ms="10811" status="PASS">
          <params>
            <param index="0">
              <value>
                <![CDATA[pooja.shetty@gmail.com,Qwerty@2022,IPHONE 13 PRO]]>
              </value>
            </param>
          </params>
          <reporter-output>
          </reporter-output>
        </test-method> <!-- Mainordersubmit -->
        <test-method is-config="true" signature="closedriver()[pri:0, instance:EndtoEnd.standalonejasondata@3646a422]" started-at="2022-09-14T13:58:16 PDT" name="closedriver" finished-at="2022-09-14T13:58:16 PDT" duration-ms="252" status="PASS">
          <reporter-output>
          </reporter-output>
        </test-method> <!-- closedriver -->
        <test-method signature="Mainordersubmit(java.lang.String)[pri:0, instance:EndtoEnd.standalonejasondata@3646a422]" started-at="2022-09-14T13:58:16 PDT" name="Mainordersubmit" data-provider="getdata1" finished-at="2022-09-14T13:58:25 PDT" duration-ms="9240" status="PASS">
          <params>
            <param index="0">
              <value>
                <![CDATA[pooja.shetty@gmail.com,Qwerty@2022,ZARA COAT 3]]>
              </value>
            </param>
          </params>
          <reporter-output>
          </reporter-output>
        </test-method> <!-- Mainordersubmit -->
        <test-method is-config="true" signature="closedriver()[pri:0, instance:EndtoEnd.standalonejasondata@3646a422]" started-at="2022-09-14T13:58:25 PDT" name="closedriver" finished-at="2022-09-14T13:58:26 PDT" duration-ms="238" status="PASS">
          <reporter-output>
          </reporter-output>
        </test-method> <!-- closedriver -->
        <test-method signature="Mainordersubmit(java.lang.String)[pri:0, instance:EndtoEnd.standalonejasondata@3646a422]" started-at="2022-09-14T13:58:26 PDT" name="Mainordersubmit" data-provider="getdata1" finished-at="2022-09-14T13:58:35 PDT" duration-ms="9489" status="PASS">
          <params>
            <param index="0">
              <value>
                <![CDATA[shetty@gmail.com,Iamking@000,ADIDAS ORIGINAL]]>
              </value>
            </param>
          </params>
          <reporter-output>
          </reporter-output>
        </test-method> <!-- Mainordersubmit -->
        <test-method is-config="true" signature="closedriver()[pri:0, instance:EndtoEnd.standalonejasondata@3646a422]" started-at="2022-09-14T13:58:35 PDT" name="closedriver" finished-at="2022-09-14T13:58:35 PDT" duration-ms="184" status="PASS">
          <reporter-output>
          </reporter-output>
        </test-method> <!-- closedriver -->
        <test-method signature="Myorders(java.lang.String)[pri:0, instance:EndtoEnd.standalonejasondata@3646a422]" started-at="2022-09-14T13:58:35 PDT" name="Myorders" data-provider="getdata1" finished-at="2022-09-14T13:58:42 PDT" depends-on-methods="EndtoEnd.standalonejasondata.Mainordersubmit" duration-ms="6262" status="PASS">
          <params>
            <param index="0">
              <value>
                <![CDATA[pooja.shetty@gmail.com,Qwerty@2022,IPHONE 13 PRO]]>
              </value>
            </param>
          </params>
          <reporter-output>
          </reporter-output>
        </test-method> <!-- Myorders -->
        <test-method is-config="true" signature="closedriver()[pri:0, instance:EndtoEnd.standalonejasondata@3646a422]" started-at="2022-09-14T13:58:42 PDT" name="closedriver" finished-at="2022-09-14T13:58:42 PDT" duration-ms="197" status="PASS">
          <reporter-output>
          </reporter-output>
        </test-method> <!-- closedriver -->
        <test-method signature="Myorders(java.lang.String)[pri:0, instance:EndtoEnd.standalonejasondata@3646a422]" started-at="2022-09-14T13:58:42 PDT" name="Myorders" data-provider="getdata1" finished-at="2022-09-14T13:58:48 PDT" depends-on-methods="EndtoEnd.standalonejasondata.Mainordersubmit" duration-ms="6399" status="PASS">
          <params>
            <param index="0">
              <value>
                <![CDATA[pooja.shetty@gmail.com,Qwerty@2022,ZARA COAT 3]]>
              </value>
            </param>
          </params>
          <reporter-output>
          </reporter-output>
        </test-method> <!-- Myorders -->
        <test-method is-config="true" signature="closedriver()[pri:0, instance:EndtoEnd.standalonejasondata@3646a422]" started-at="2022-09-14T13:58:48 PDT" name="closedriver" finished-at="2022-09-14T13:58:48 PDT" duration-ms="210" status="PASS">
          <reporter-output>
          </reporter-output>
        </test-method> <!-- closedriver -->
        <test-method signature="Myorders(java.lang.String)[pri:0, instance:EndtoEnd.standalonejasondata@3646a422]" started-at="2022-09-14T13:58:48 PDT" name="Myorders" data-provider="getdata1" finished-at="2022-09-14T13:58:55 PDT" depends-on-methods="EndtoEnd.standalonejasondata.Mainordersubmit" duration-ms="6307" status="PASS">
          <params>
            <param index="0">
              <value>
                <![CDATA[shetty@gmail.com,Iamking@000,ADIDAS ORIGINAL]]>
              </value>
            </param>
          </params>
          <reporter-output>
          </reporter-output>
        </test-method> <!-- Myorders -->
        <test-method is-config="true" signature="closedriver()[pri:0, instance:EndtoEnd.standalonejasondata@3646a422]" started-at="2022-09-14T13:58:55 PDT" name="closedriver" finished-at="2022-09-14T13:58:55 PDT" duration-ms="205" status="PASS">
          <reporter-output>
          </reporter-output>
        </test-method> <!-- closedriver -->
      </class> <!-- EndtoEnd.standalonejasondata -->
    </test> <!-- Default test -->
  </suite> <!-- Default suite -->
</testng-results>
